2019-08-19 14:49:47.783573: Step [0]  train Loss : 2.021224, training accuracy :  0.3125
2019-08-19 14:51:54.571753: Step [0]  val Loss : 1.609448, val accuracy :  0.199597
2019-08-19 15:01:47.500576: Step [100]  train Loss : 2.378602, training accuracy :  0.25
2019-08-19 15:12:14.773994: Step [200]  train Loss : 1.425385, training accuracy :  0.125
2019-08-19 15:14:29.609659: Step [200]  val Loss : 4.225092, val accuracy :  0.200269
2019-08-19 15:23:33.299721: Step [300]  train Loss : 1.000154, training accuracy :  0.1875
2019-08-19 15:32:19.718335: Step [400]  train Loss : 0.562104, training accuracy :  0.3125
2019-08-19 15:34:16.715542: Step [400]  val Loss : 5.652726, val accuracy :  0.200941
2019-08-19 15:43:02.527777: Step [500]  train Loss : 0.774774, training accuracy :  0.1875
2019-08-19 15:51:46.804117: Step [600]  train Loss : 0.768354, training accuracy :  0.25
2019-08-19 15:53:43.833239: Step [600]  val Loss : 1.658793, val accuracy :  0.198925
2019-08-19 16:02:27.830327: Step [700]  train Loss : 0.571196, training accuracy :  0.25
2019-08-19 16:11:12.877607: Step [800]  train Loss : 0.394489, training accuracy :  0.1875
2019-08-19 16:13:09.903736: Step [800]  val Loss : 1.794955, val accuracy :  0.200269
2019-08-19 16:23:51.602116: Step [900]  train Loss : 0.263982, training accuracy :  0.0625
2019-08-19 16:34:09.319633: Step [1000]  train Loss : 0.442814, training accuracy :  0.3125
2019-08-19 16:36:27.982030: Step [1000]  val Loss : 1.681153, val accuracy :  0.229839
2019-08-19 16:46:44.074748: Step [1100]  train Loss : 0.291956, training accuracy :  0
2019-08-19 16:56:43.669596: Step [1200]  train Loss : 0.155374, training accuracy :  0.1875
2019-08-19 16:58:44.356491: Step [1200]  val Loss : 1.664943, val accuracy :  0.258737
2019-08-19 17:08:21.175937: Step [1300]  train Loss : 0.465137, training accuracy :  0.1875
2019-08-19 17:17:58.959131: Step [1400]  train Loss : 0.254507, training accuracy :  0.125
2019-08-19 17:20:08.675082: Step [1400]  val Loss : 1.976407, val accuracy :  0.200941
2019-08-19 17:29:53.409977: Step [1500]  train Loss : 0.199930, training accuracy :  0.1875
2019-08-19 17:39:37.290251: Step [1600]  train Loss : 0.759173, training accuracy :  0.5
2019-08-19 17:41:45.168149: Step [1600]  val Loss : 1.997350, val accuracy :  0.200269
2019-08-19 17:51:23.959814: Step [1700]  train Loss : 0.122458, training accuracy :  0.25
2019-08-19 18:01:15.392348: Step [1800]  train Loss : 0.082508, training accuracy :  0.1875
2019-08-19 18:03:21.939416: Step [1800]  val Loss : 2.183148, val accuracy :  0.225134
2019-08-19 18:12:57.475716: Step [1900]  train Loss : 0.073870, training accuracy :  0.0625
2019-08-19 18:22:31.584399: Step [2000]  train Loss : 0.594193, training accuracy :  0.25
2019-08-19 18:24:42.702228: Step [2000]  val Loss : 2.673081, val accuracy :  0.199597
-----save:models/model.ckpt-2000
2019-08-19 18:34:14.526917: Step [2100]  train Loss : 0.123520, training accuracy :  0.125
2019-08-19 18:43:05.895425: Step [2200]  train Loss : 0.060116, training accuracy :  0.1875
2019-08-19 18:45:01.944167: Step [2200]  val Loss : 3.896347, val accuracy :  0.200941
2019-08-19 18:53:37.203615: Step [2300]  train Loss : 0.694124, training accuracy :  0
2019-08-19 19:02:11.050838: Step [2400]  train Loss : 0.047355, training accuracy :  0.375
2019-08-19 19:04:06.370530: Step [2400]  val Loss : 3.787313, val accuracy :  0.203629
2019-08-19 19:12:39.031923: Step [2500]  train Loss : 0.085977, training accuracy :  0.3125
2019-08-19 19:21:11.806016: Step [2600]  train Loss : 0.008839, training accuracy :  0.1875
2019-08-19 19:23:07.025973: Step [2600]  val Loss : 3.837150, val accuracy :  0.204301
2019-08-19 19:31:39.498872: Step [2700]  train Loss : 0.092250, training accuracy :  0.375
2019-08-19 19:40:11.641652: Step [2800]  train Loss : 0.170777, training accuracy :  0.1875
2019-08-19 19:42:06.894522: Step [2800]  val Loss : 4.629337, val accuracy :  0.209677
2019-08-19 19:50:39.900995: Step [2900]  train Loss : 0.194509, training accuracy :  0.125
2019-08-19 19:59:12.748889: Step [3000]  train Loss : 0.460534, training accuracy :  0.1875
2019-08-19 20:01:08.233140: Step [3000]  val Loss : 5.699233, val accuracy :  0.201613
2019-08-19 20:09:42.683751: Step [3100]  train Loss : 0.112084, training accuracy :  0.25
2019-08-19 20:18:15.936563: Step [3200]  train Loss : 0.026998, training accuracy :  0.3125
2019-08-19 20:20:11.349007: Step [3200]  val Loss : 3.076108, val accuracy :  0.357527
2019-08-19 20:28:44.731473: Step [3300]  train Loss : 0.264173, training accuracy :  0.4375
2019-08-19 20:37:17.202375: Step [3400]  train Loss : 0.253230, training accuracy :  0.3125
2019-08-19 20:39:12.466217: Step [3400]  val Loss : 4.658947, val accuracy :  0.250672
2019-08-19 20:47:45.158528: Step [3500]  train Loss : 0.065047, training accuracy :  0.1875
2019-08-19 20:56:18.831219: Step [3600]  train Loss : 0.450583, training accuracy :  0.375
2019-08-19 20:58:14.136946: Step [3600]  val Loss : 2.998970, val accuracy :  0.301747
2019-08-19 21:06:46.358516: Step [3700]  train Loss : 0.214438, training accuracy :  0.4375
2019-08-19 21:15:20.271564: Step [3800]  train Loss : 0.088732, training accuracy :  0.5
2019-08-19 21:17:15.572307: Step [3800]  val Loss : 2.888858, val accuracy :  0.442204
2019-08-19 21:25:48.156906: Step [3900]  train Loss : 0.168733, training accuracy :  0.6875
2019-08-19 21:34:21.079601: Step [4000]  train Loss : 0.039355, training accuracy :  0.4375
2019-08-19 21:36:16.158935: Step [4000]  val Loss : 2.700832, val accuracy :  0.313172
-----save:models/model.ckpt-4000
2019-08-19 21:44:51.885135: Step [4100]  train Loss : 0.029820, training accuracy :  0.25
2019-08-19 21:53:25.500977: Step [4200]  train Loss : 0.395935, training accuracy :  0.1875
2019-08-19 21:55:20.803714: Step [4200]  val Loss : 3.617807, val accuracy :  0.328629
2019-08-19 22:03:52.713117: Step [4300]  train Loss : 0.030349, training accuracy :  0.625
2019-08-19 22:12:26.831617: Step [4400]  train Loss : 0.034941, training accuracy :  0.625
2019-08-19 22:14:22.577169: Step [4400]  val Loss : 1.157992, val accuracy :  0.59879
2019-08-19 22:22:55.862894: Step [4500]  train Loss : 0.059460, training accuracy :  0.6875
2019-08-19 22:31:28.642971: Step [4600]  train Loss : 0.000659, training accuracy :  0.625
2019-08-19 22:33:24.265850: Step [4600]  val Loss : 1.752916, val accuracy :  0.547715
2019-08-19 22:41:56.538284: Step [4700]  train Loss : 0.097851, training accuracy :  0.5625
2019-08-19 22:50:29.813039: Step [4800]  train Loss : 0.040004, training accuracy :  0.4375
2019-08-19 22:52:25.134725: Step [4800]  val Loss : 3.278183, val accuracy :  0.408602
2019-08-19 23:00:57.695388: Step [4900]  train Loss : 0.055164, training accuracy :  0.9375
2019-08-19 23:09:30.255054: Step [5000]  train Loss : 0.185703, training accuracy :  0.8125
2019-08-19 23:11:25.478004: Step [5000]  val Loss : 1.410927, val accuracy :  0.612903
2019-08-19 23:20:02.018028: Step [5100]  train Loss : 0.005164, training accuracy :  0.625
2019-08-19 23:28:38.266831: Step [5200]  train Loss : 0.092687, training accuracy :  1
2019-08-19 23:30:33.700219: Step [5200]  val Loss : 0.345621, val accuracy :  0.892473
------save:models\best_models_5200_0.8925.ckpt
2019-08-19 23:39:08.986594: Step [5300]  train Loss : 0.131570, training accuracy :  0.875
2019-08-19 23:47:41.759689: Step [5400]  train Loss : 0.142335, training accuracy :  0.8125
2019-08-19 23:49:37.009568: Step [5400]  val Loss : 0.426189, val accuracy :  0.855511
2019-08-19 23:58:09.689912: Step [5500]  train Loss : 0.065687, training accuracy :  0.9375
2019-08-20 00:06:42.923774: Step [5600]  train Loss : 0.140498, training accuracy :  0.875
2019-08-20 00:08:38.865802: Step [5600]  val Loss : 0.449517, val accuracy :  0.867608
2019-08-20 00:17:11.824401: Step [5700]  train Loss : 0.001101, training accuracy :  0.625
2019-08-20 00:25:45.339513: Step [5800]  train Loss : 0.001345, training accuracy :  0.75
2019-08-20 00:27:40.763924: Step [5800]  val Loss : 1.041533, val accuracy :  0.706989
2019-08-20 00:36:13.702577: Step [5900]  train Loss : 0.001973, training accuracy :  0.8125
2019-08-20 00:44:48.098334: Step [6000]  train Loss : 0.061318, training accuracy :  0.875
2019-08-20 00:46:43.517758: Step [6000]  val Loss : 0.610463, val accuracy :  0.827285
-----save:models/model.ckpt-6000
2019-08-20 00:55:18.858988: Step [6100]  train Loss : 0.001552, training accuracy :  1
2019-08-20 01:03:51.424638: Step [6200]  train Loss : 0.113672, training accuracy :  0.875
2019-08-20 01:05:46.713411: Step [6200]  val Loss : 0.463768, val accuracy :  0.866935
2019-08-20 01:14:19.608181: Step [6300]  train Loss : 0.000568, training accuracy :  0.875
2019-08-20 01:22:52.286529: Step [6400]  train Loss : 0.007910, training accuracy :  0.9375
2019-08-20 01:24:47.608216: Step [6400]  val Loss : 0.574672, val accuracy :  0.852823
2019-08-20 01:33:22.010955: Step [6500]  train Loss : 0.001354, training accuracy :  0.9375
2019-08-20 01:41:55.374472: Step [6600]  train Loss : 0.017639, training accuracy :  0.8125
2019-08-20 01:43:51.389304: Step [6600]  val Loss : 1.121577, val accuracy :  0.730511
2019-08-20 01:52:28.970544: Step [6700]  train Loss : 0.020597, training accuracy :  0.875
2019-08-20 02:01:02.221363: Step [6800]  train Loss : 0.000226, training accuracy :  0.9375
2019-08-20 02:02:57.742516: Step [6800]  val Loss : 0.545566, val accuracy :  0.863575
2019-08-20 02:11:30.849717: Step [6900]  train Loss : 0.001354, training accuracy :  1
2019-08-20 02:20:03.551004: Step [7000]  train Loss : 0.079227, training accuracy :  0.8125
2019-08-20 02:21:58.805870: Step [7000]  val Loss : 0.478970, val accuracy :  0.862231
2019-08-20 02:30:31.533087: Step [7100]  train Loss : 0.011429, training accuracy :  0.875
2019-08-20 02:39:05.506972: Step [7200]  train Loss : 0.048549, training accuracy :  0.875
2019-08-20 02:41:00.811703: Step [7200]  val Loss : 0.616610, val accuracy :  0.847446
2019-08-20 02:49:33.917908: Step [7300]  train Loss : 0.004145, training accuracy :  1
2019-08-20 02:58:06.529435: Step [7400]  train Loss : 0.001614, training accuracy :  0.875
2019-08-20 03:00:01.611761: Step [7400]  val Loss : 0.620244, val accuracy :  0.851479
2019-08-20 03:08:34.385854: Step [7500]  train Loss : 0.035439, training accuracy :  0.8125
2019-08-20 03:17:07.657616: Step [7600]  train Loss : 0.001701, training accuracy :  1
2019-08-20 03:19:02.922454: Step [7600]  val Loss : 0.582531, val accuracy :  0.870968
2019-08-20 03:27:35.163971: Step [7700]  train Loss : 0.012424, training accuracy :  1
2019-08-20 03:36:08.392847: Step [7800]  train Loss : 0.005186, training accuracy :  0.875
2019-08-20 03:38:04.631082: Step [7800]  val Loss : 1.034296, val accuracy :  0.78293
2019-08-20 03:46:38.582029: Step [7900]  train Loss : 0.021530, training accuracy :  0.9375
2019-08-20 03:55:12.187898: Step [8000]  train Loss : 0.000555, training accuracy :  0.875
2019-08-20 03:57:11.051116: Step [8000]  val Loss : 1.776738, val accuracy :  0.706989
-----save:models/model.ckpt-8000
2019-08-20 04:05:50.495375: Step [8100]  train Loss : 0.006644, training accuracy :  0.875
2019-08-20 04:14:24.280764: Step [8200]  train Loss : 0.045192, training accuracy :  0.875
2019-08-20 04:16:19.780973: Step [8200]  val Loss : 0.695916, val accuracy :  0.834677
2019-08-20 04:24:52.891167: Step [8300]  train Loss : 0.004611, training accuracy :  1
2019-08-20 04:33:26.334470: Step [8400]  train Loss : 0.055569, training accuracy :  0.875
2019-08-20 04:35:21.638204: Step [8400]  val Loss : 0.466503, val accuracy :  0.891801
2019-08-20 04:43:55.684895: Step [8500]  train Loss : 0.005743, training accuracy :  1
2019-08-20 04:52:30.021808: Step [8600]  train Loss : 0.029189, training accuracy :  0.9375
2019-08-20 04:54:25.405330: Step [8600]  val Loss : 0.916314, val accuracy :  0.824597
2019-08-20 05:02:58.483609: Step [8700]  train Loss : 0.001310, training accuracy :  1
2019-08-20 05:11:31.585825: Step [8800]  train Loss : 0.003425, training accuracy :  0.9375
2019-08-20 05:13:27.161830: Step [8800]  val Loss : 0.582959, val accuracy :  0.840054
2019-08-20 05:21:59.567907: Step [8900]  train Loss : 0.189803, training accuracy :  0.9375
2019-08-20 05:30:32.622250: Step [9000]  train Loss : 0.000788, training accuracy :  0.9375
2019-08-20 05:32:27.880107: Step [9000]  val Loss : 0.835365, val accuracy :  0.810484
2019-08-20 05:41:01.173442: Step [9100]  train Loss : 0.000612, training accuracy :  0.8125
2019-08-20 05:49:35.724449: Step [9200]  train Loss : 0.003613, training accuracy :  0.875
2019-08-20 05:51:31.322540: Step [9200]  val Loss : 0.689800, val accuracy :  0.842742
2019-08-20 06:00:04.980780: Step [9300]  train Loss : 0.000436, training accuracy :  1
2019-08-20 06:08:54.317833: Step [9400]  train Loss : 0.001031, training accuracy :  0.6875
2019-08-20 06:10:54.090492: Step [9400]  val Loss : 1.490804, val accuracy :  0.715726
2019-08-20 06:19:49.667949: Step [9500]  train Loss : 0.060382, training accuracy :  1
2019-08-20 06:28:45.398025: Step [9600]  train Loss : 0.005356, training accuracy :  1
2019-08-20 06:30:45.150732: Step [9600]  val Loss : 0.333773, val accuracy :  0.911962
------save:models\best_models_9600_0.9120.ckpt
2019-08-20 06:39:42.392937: Step [9700]  train Loss : 0.000270, training accuracy :  1
2019-08-20 06:48:37.898863: Step [9800]  train Loss : 0.004348, training accuracy :  1
2019-08-20 06:50:37.744054: Step [9800]  val Loss : 0.279498, val accuracy :  0.932796
------save:models\best_models_9800_0.9328.ckpt
2019-08-20 06:59:36.929223: Step [9900]  train Loss : 0.000119, training accuracy :  1
2019-08-20 07:08:32.378300: Step [10000]  train Loss : 0.003708, training accuracy :  0.9375
2019-08-20 07:10:31.987117: Step [10000]  val Loss : 0.584989, val accuracy :  0.885753
-----save:models/model.ckpt-10000